<?xml version="1.0" encoding="UTF-8"?>
<!-- Generated by org.testng.reporters.JUnitReportReporter -->
<testsuite hostname="DESKTOP-5R8JK4O" failures="0" tests="1" name="automation.carTaxCheck.CarCheck" time="25.231" errors="0" timestamp="2020-07-09T17:15:11 BST" skipped="0">
  <testcase classname="automation.carTaxCheck.CarCheck" name="testCarCheck" time="25.231"/>
  <system-out/>
</testsuite> <!-- automation.carTaxCheck.CarCheck -->
